<?xml version="1.0" encoding="UTF-8"?>
<testng-results ignored="0" total="8" passed="8" failed="0" skipped="0">
  <reporter-output>
  </reporter-output>
  <suite started-at="2025-05-19T09:52:34 IST" name="MultiBrowserSuite" finished-at="2025-05-19T09:53:44 IST" duration-ms="69568">
    <groups>
      <group name="regression">
        <method signature="CourseraTestNG.testWebDevelopmentCourses()[pri:1, instance:testing.CourseraTestNG@652a7737]" name="testWebDevelopmentCourses" class="testing.CourseraTestNG"/>
        <method signature="CourseraTestNG.testLanguageLearningCourses()[pri:2, instance:testing.CourseraTestNG@652a7737]" name="testLanguageLearningCourses" class="testing.CourseraTestNG"/>
        <method signature="CourseraTestNG.testFormValidation()[pri:3, instance:testing.CourseraTestNG@652a7737]" name="testFormValidation" class="testing.CourseraTestNG"/>
        <method signature="CourseraTestNG.testWebDevelopmentCourses()[pri:1, instance:testing.CourseraTestNG@1c80e49b]" name="testWebDevelopmentCourses" class="testing.CourseraTestNG"/>
        <method signature="CourseraTestNG.testLanguageLearningCourses()[pri:2, instance:testing.CourseraTestNG@1c80e49b]" name="testLanguageLearningCourses" class="testing.CourseraTestNG"/>
        <method signature="CourseraTestNG.testFormValidation()[pri:3, instance:testing.CourseraTestNG@1c80e49b]" name="testFormValidation" class="testing.CourseraTestNG"/>
      </group> <!-- regression -->
      <group name="smoke">
        <method signature="CourseraTestNG.testHomePageLoad()[pri:0, instance:testing.CourseraTestNG@652a7737]" name="testHomePageLoad" class="testing.CourseraTestNG"/>
        <method signature="CourseraTestNG.testHomePageLoad()[pri:0, instance:testing.CourseraTestNG@1c80e49b]" name="testHomePageLoad" class="testing.CourseraTestNG"/>
      </group> <!-- smoke -->
    </groups>
    <test started-at="2025-05-19T09:52:34 IST" name="ChromeTests" finished-at="2025-05-19T09:53:42 IST" duration-ms="68436">
      <class name="testing.CourseraTestNG">
        <test-method is-config="true" signature="setUp(java.lang.String)[pri:0, instance:testing.CourseraTestNG@652a7737]" started-at="2025-05-19T09:52:35 IST" name="setUp" finished-at="2025-05-19T09:52:47 IST" duration-ms="12229" status="PASS">
          <params>
            <param index="0">
              <value>
                <![CDATA[chrome]]>
              </value>
            </param>
          </params>
          <reporter-output>
          </reporter-output>
        </test-method> <!-- setUp -->
        <test-method signature="testHomePageLoad()[pri:0, instance:testing.CourseraTestNG@652a7737]" started-at="2025-05-19T09:52:47 IST" name="testHomePageLoad" finished-at="2025-05-19T09:52:49 IST" duration-ms="2062" status="PASS">
          <reporter-output>
          </reporter-output>
        </test-method> <!-- testHomePageLoad -->
        <test-method signature="testWebDevelopmentCourses()[pri:1, instance:testing.CourseraTestNG@652a7737]" started-at="2025-05-19T09:52:49 IST" name="testWebDevelopmentCourses" finished-at="2025-05-19T09:53:07 IST" duration-ms="17438" status="PASS">
          <reporter-output>
          </reporter-output>
        </test-method> <!-- testWebDevelopmentCourses -->
        <test-method signature="testLanguageLearningCourses()[pri:2, instance:testing.CourseraTestNG@652a7737]" started-at="2025-05-19T09:53:12 IST" name="testLanguageLearningCourses" finished-at="2025-05-19T09:53:13 IST" duration-ms="1052" status="PASS">
          <reporter-output>
          </reporter-output>
        </test-method> <!-- testLanguageLearningCourses -->
        <test-method signature="testFormValidation()[pri:3, instance:testing.CourseraTestNG@652a7737]" started-at="2025-05-19T09:53:16 IST" name="testFormValidation" finished-at="2025-05-19T09:53:36 IST" duration-ms="19222" status="PASS">
          <reporter-output>
          </reporter-output>
        </test-method> <!-- testFormValidation -->
        <test-method is-config="true" signature="tearDown()[pri:0, instance:testing.CourseraTestNG@652a7737]" started-at="2025-05-19T09:53:36 IST" name="tearDown" finished-at="2025-05-19T09:53:42 IST" duration-ms="6563" status="PASS">
          <reporter-output>
          </reporter-output>
        </test-method> <!-- tearDown -->
      </class> <!-- testing.CourseraTestNG -->
    </test> <!-- ChromeTests -->
    <test started-at="2025-05-19T09:52:34 IST" name="EdgeTests" finished-at="2025-05-19T09:53:44 IST" duration-ms="69568">
      <class name="testing.CourseraTestNG">
        <test-method is-config="true" signature="setUp(java.lang.String)[pri:0, instance:testing.CourseraTestNG@1c80e49b]" started-at="2025-05-19T09:52:35 IST" name="setUp" finished-at="2025-05-19T09:52:48 IST" duration-ms="13770" status="PASS">
          <params>
            <param index="0">
              <value>
                <![CDATA[edge]]>
              </value>
            </param>
          </params>
          <reporter-output>
          </reporter-output>
        </test-method> <!-- setUp -->
        <test-method signature="testHomePageLoad()[pri:0, instance:testing.CourseraTestNG@1c80e49b]" started-at="2025-05-19T09:52:48 IST" name="testHomePageLoad" finished-at="2025-05-19T09:52:50 IST" duration-ms="2030" status="PASS">
          <reporter-output>
          </reporter-output>
        </test-method> <!-- testHomePageLoad -->
        <test-method signature="testWebDevelopmentCourses()[pri:1, instance:testing.CourseraTestNG@1c80e49b]" started-at="2025-05-19T09:52:51 IST" name="testWebDevelopmentCourses" finished-at="2025-05-19T09:53:17 IST" duration-ms="25822" status="PASS">
          <reporter-output>
          </reporter-output>
        </test-method> <!-- testWebDevelopmentCourses -->
        <test-method signature="testLanguageLearningCourses()[pri:2, instance:testing.CourseraTestNG@1c80e49b]" started-at="2025-05-19T09:53:17 IST" name="testLanguageLearningCourses" finished-at="2025-05-19T09:53:18 IST" duration-ms="859" status="PASS">
          <reporter-output>
          </reporter-output>
        </test-method> <!-- testLanguageLearningCourses -->
        <test-method signature="testFormValidation()[pri:3, instance:testing.CourseraTestNG@1c80e49b]" started-at="2025-05-19T09:53:18 IST" name="testFormValidation" finished-at="2025-05-19T09:53:35 IST" duration-ms="17336" status="PASS">
          <reporter-output>
          </reporter-output>
        </test-method> <!-- testFormValidation -->
        <test-method is-config="true" signature="tearDown()[pri:0, instance:testing.CourseraTestNG@1c80e49b]" started-at="2025-05-19T09:53:36 IST" name="tearDown" finished-at="2025-05-19T09:53:44 IST" duration-ms="7894" status="PASS">
          <reporter-output>
          </reporter-output>
        </test-method> <!-- tearDown -->
      </class> <!-- testing.CourseraTestNG -->
    </test> <!-- EdgeTests -->
  </suite> <!-- MultiBrowserSuite -->
</testng-results>
