<?xml version="1.0" encoding="UTF-8"?>
<testng-results ignored="0" total="8" passed="8" failed="0" skipped="0">
  <reporter-output>
  </reporter-output>
  <suite started-at="2025-05-22T16:53:44 IST" name="MultiBrowserSuite" finished-at="2025-05-22T16:54:37 IST" duration-ms="52630">
    <groups>
    </groups>
    <test started-at="2025-05-22T16:53:44 IST" name="ChromeTests" finished-at="2025-05-22T16:54:36 IST" duration-ms="52070">
      <class name="testing.CourseraTestNG">
        <test-method is-config="true" signature="setUp(java.lang.String)[pri:0, instance:testing.CourseraTestNG@652a7737]" started-at="2025-05-22T16:53:45 IST" name="setUp" finished-at="2025-05-22T16:53:57 IST" duration-ms="12524" status="PASS">
          <params>
            <param index="0">
              <value>
                <![CDATA[chrome]]>
              </value>
            </param>
          </params>
          <reporter-output>
          </reporter-output>
        </test-method> <!-- setUp -->
        <test-method signature="testHomePageLoad()[pri:0, instance:testing.CourseraTestNG@652a7737]" started-at="2025-05-22T16:53:57 IST" name="testHomePageLoad" finished-at="2025-05-22T16:53:59 IST" duration-ms="2029" status="PASS">
          <reporter-output>
          </reporter-output>
        </test-method> <!-- testHomePageLoad -->
        <test-method signature="testWebDevelopmentCourses()[pri:1, instance:testing.CourseraTestNG@652a7737]" started-at="2025-05-22T16:53:59 IST" name="testWebDevelopmentCourses" finished-at="2025-05-22T16:54:14 IST" duration-ms="15232" status="PASS">
          <reporter-output>
          </reporter-output>
        </test-method> <!-- testWebDevelopmentCourses -->
        <test-method signature="testLanguageLearningCourses()[pri:2, instance:testing.CourseraTestNG@652a7737]" started-at="2025-05-22T16:54:14 IST" name="testLanguageLearningCourses" finished-at="2025-05-22T16:54:15 IST" duration-ms="646" status="PASS">
          <reporter-output>
          </reporter-output>
        </test-method> <!-- testLanguageLearningCourses -->
        <test-method signature="testFormValidation()[pri:3, instance:testing.CourseraTestNG@652a7737]" started-at="2025-05-22T16:54:15 IST" name="testFormValidation" finished-at="2025-05-22T16:54:30 IST" duration-ms="15031" status="PASS">
          <reporter-output>
          </reporter-output>
        </test-method> <!-- testFormValidation -->
        <test-method is-config="true" signature="tearDown()[pri:0, instance:testing.CourseraTestNG@652a7737]" started-at="2025-05-22T16:54:30 IST" name="tearDown" finished-at="2025-05-22T16:54:36 IST" duration-ms="6195" status="PASS">
          <reporter-output>
          </reporter-output>
        </test-method> <!-- tearDown -->
      </class> <!-- testing.CourseraTestNG -->
    </test> <!-- ChromeTests -->
    <test started-at="2025-05-22T16:53:44 IST" name="EdgeTests" finished-at="2025-05-22T16:54:37 IST" duration-ms="52630">
      <class name="testing.CourseraTestNG">
        <test-method is-config="true" signature="setUp(java.lang.String)[pri:0, instance:testing.CourseraTestNG@1c80e49b]" started-at="2025-05-22T16:53:45 IST" name="setUp" finished-at="2025-05-22T16:53:55 IST" duration-ms="10428" status="PASS">
          <params>
            <param index="0">
              <value>
                <![CDATA[edge]]>
              </value>
            </param>
          </params>
          <reporter-output>
          </reporter-output>
        </test-method> <!-- setUp -->
        <test-method signature="testHomePageLoad()[pri:0, instance:testing.CourseraTestNG@1c80e49b]" started-at="2025-05-22T16:53:55 IST" name="testHomePageLoad" finished-at="2025-05-22T16:53:57 IST" duration-ms="2042" status="PASS">
          <reporter-output>
          </reporter-output>
        </test-method> <!-- testHomePageLoad -->
        <test-method signature="testWebDevelopmentCourses()[pri:1, instance:testing.CourseraTestNG@1c80e49b]" started-at="2025-05-22T16:53:57 IST" name="testWebDevelopmentCourses" finished-at="2025-05-22T16:54:13 IST" duration-ms="15759" status="PASS">
          <reporter-output>
          </reporter-output>
        </test-method> <!-- testWebDevelopmentCourses -->
        <test-method signature="testLanguageLearningCourses()[pri:2, instance:testing.CourseraTestNG@1c80e49b]" started-at="2025-05-22T16:54:13 IST" name="testLanguageLearningCourses" finished-at="2025-05-22T16:54:14 IST" duration-ms="749" status="PASS">
          <reporter-output>
          </reporter-output>
        </test-method> <!-- testLanguageLearningCourses -->
        <test-method signature="testFormValidation()[pri:3, instance:testing.CourseraTestNG@1c80e49b]" started-at="2025-05-22T16:54:14 IST" name="testFormValidation" finished-at="2025-05-22T16:54:29 IST" duration-ms="15439" status="PASS">
          <reporter-output>
          </reporter-output>
        </test-method> <!-- testFormValidation -->
        <test-method is-config="true" signature="tearDown()[pri:0, instance:testing.CourseraTestNG@1c80e49b]" started-at="2025-05-22T16:54:29 IST" name="tearDown" finished-at="2025-05-22T16:54:37 IST" duration-ms="7733" status="PASS">
          <reporter-output>
          </reporter-output>
        </test-method> <!-- tearDown -->
      </class> <!-- testing.CourseraTestNG -->
    </test> <!-- EdgeTests -->
  </suite> <!-- MultiBrowserSuite -->
</testng-results>
