<?xml version="1.0" encoding="UTF-8"?>
<!-- Generated by org.testng.reporters.JUnitXMLReporter -->
<testsuite ignored="0" hostname="LTIN593322" failures="0" tests="4" name="ChromeTests" time="68.436" errors="0" timestamp="2025-05-19T09:53:43 IST">
  <testcase classname="testing.CourseraTestNG" name="testHomePageLoad" time="2.062"/>
  <testcase classname="testing.CourseraTestNG" name="testWebDevelopmentCourses" time="17.438"/>
  <testcase classname="testing.CourseraTestNG" name="testLanguageLearningCourses" time="1.052"/>
  <testcase classname="testing.CourseraTestNG" name="testFormValidation" time="19.222"/>
</testsuite> <!-- ChromeTests -->
