<?xml version="1.0" encoding="UTF-8"?>
<!-- Generated by org.testng.reporters.JUnitXMLReporter -->
<testsuite ignored="0" hostname="LTIN593322" failures="0" tests="4" name="ChromeTests" time="52.07" errors="0" timestamp="2025-05-22T16:54:36 IST">
  <testcase classname="testing.CourseraTestNG" name="testHomePageLoad" time="2.029"/>
  <testcase classname="testing.CourseraTestNG" name="testWebDevelopmentCourses" time="15.232"/>
  <testcase classname="testing.CourseraTestNG" name="testLanguageLearningCourses" time="0.646"/>
  <testcase classname="testing.CourseraTestNG" name="testFormValidation" time="15.031"/>
</testsuite> <!-- ChromeTests -->
