<?xml version="1.0" encoding="UTF-8"?>
<!-- Generated by org.testng.reporters.JUnitXMLReporter -->
<testsuite ignored="0" hostname="LTIN593322" failures="0" tests="4" name="EdgeTests" time="69.568" errors="0" timestamp="2025-05-19T09:53:44 IST">
  <testcase classname="testing.CourseraTestNG" name="testHomePageLoad" time="2.03"/>
  <testcase classname="testing.CourseraTestNG" name="testWebDevelopmentCourses" time="25.822"/>
  <testcase classname="testing.CourseraTestNG" name="testLanguageLearningCourses" time="0.859"/>
  <testcase classname="testing.CourseraTestNG" name="testFormValidation" time="17.336"/>
</testsuite> <!-- EdgeTests -->
