<?xml version="1.0" encoding="UTF-8"?>
<!-- Generated by org.testng.reporters.JUnitXMLReporter -->
<testsuite ignored="0" hostname="LTIN593322" failures="0" tests="4" name="EdgeTests" time="52.63" errors="0" timestamp="2025-05-22T16:54:37 IST">
  <testcase classname="testing.CourseraTestNG" name="testHomePageLoad" time="2.042"/>
  <testcase classname="testing.CourseraTestNG" name="testWebDevelopmentCourses" time="15.759"/>
  <testcase classname="testing.CourseraTestNG" name="testLanguageLearningCourses" time="0.749"/>
  <testcase classname="testing.CourseraTestNG" name="testFormValidation" time="15.439"/>
</testsuite> <!-- EdgeTests -->
