<?xml version="1.0" encoding="UTF-8"?>
<!-- Generated by org.testng.reporters.JUnitXMLReporter -->
<testsuite ignored="3" hostname="LTIN593277" failures="1" tests="1" name="ChromeTests" time="2.401" errors="0" timestamp="2025-05-18T18:25:34 IST">
  <testcase classname="testing.CourseraTestNG" name="testHomePageLoad" time="2.026">
    <failure type="java.lang.NullPointerException" message="Cannot invoke &amp;quot;org.openqa.selenium.WebDriver.getTitle()&amp;quot; because &amp;quot;this.driver&amp;quot; is null">
      <![CDATA[java.lang.NullPointerException: Cannot invoke "org.openqa.selenium.WebDriver.getTitle()" because "this.driver" is null
at testing.CourseraTestNG.testHomePageLoad(CourseraTestNG.java:64)
at java.base/java.util.ArrayList.forEach(ArrayList.java:1596)
... Removed 25 stack frames]]>
    </failure>
  </testcase> <!-- testHomePageLoad -->
  <testcase classname="testing.CourseraTestNG" name="testWebDevelopmentCourses" time="0.0">
    <ignored/>
  </testcase> <!-- testWebDevelopmentCourses -->
  <testcase classname="testing.CourseraTestNG" name="testLanguageLearningCourses" time="0.0">
    <ignored/>
  </testcase> <!-- testLanguageLearningCourses -->
  <testcase classname="testing.CourseraTestNG" name="testFormValidation" time="0.0">
    <ignored/>
  </testcase> <!-- testFormValidation -->
</testsuite> <!-- ChromeTests -->
