<?xml version="1.0" encoding="UTF-8"?>
<!-- Generated by org.testng.reporters.JUnitXMLReporter -->
<testsuite ignored="3" hostname="LTIN593277" failures="0" tests="0" name="Test" time="2.267" errors="0" timestamp="2025-05-18T18:14:44 IST">
  <testcase classname="testing.CourseraTestNG" name="testWebDevelopmentCourses" time="0.0">
    <ignored/>
  </testcase> <!-- testWebDevelopmentCourses -->
  <testcase classname="testing.CourseraTestNG" name="testLanguageLearningCourses" time="0.0">
    <ignored/>
  </testcase> <!-- testLanguageLearningCourses -->
  <testcase classname="testing.CourseraTestNG" name="testFormValidation" time="0.0">
    <ignored/>
  </testcase> <!-- testFormValidation -->
</testsuite> <!-- Test -->
